<?xml version="1.0" encoding="UTF-8"?>
<!-- Generated by org.testng.reporters.JUnitReportReporter -->
<testsuite hostname="LTIN526565" failures="0" tests="3" name="com.TestNg.TestNGRunner" time="89.400" errors="0" timestamp="2025-07-17T13:16:10 IST" skipped="0">
  <testcase classname="com.TestNg.TestNGRunner" name="runScenario" time="23.527"/>
  <testcase classname="com.TestNg.TestNGRunner" name="runScenario" time="41.519"/>
  <testcase classname="com.TestNg.TestNGRunner" name="runScenario" time="24.354"/>
</testsuite> <!-- com.TestNg.TestNGRunner -->
