<?xml version="1.0" encoding="UTF-8"?>
<!-- Generated by org.testng.reporters.JUnitReportReporter -->
<testsuite hostname="LTIN526565" failures="0" tests="3" name="com.TestNg.TestNGRunner" time="128.238" errors="0" timestamp="2025-07-17T00:14:22 IST" skipped="0">
  <testcase classname="com.TestNg.TestNGRunner" name="runScenario" time="33.473"/>
  <testcase classname="com.TestNg.TestNGRunner" name="runScenario" time="31.308"/>
  <testcase classname="com.TestNg.TestNGRunner" name="runScenario" time="63.457"/>
</testsuite> <!-- com.TestNg.TestNGRunner -->
