<?xml version="1.0" encoding="UTF-8"?>
<!-- Generated by org.testng.reporters.JUnitReportReporter -->
<testsuite hostname="LTIN526565" failures="0" tests="3" name="com.TestNg.TestNGRunner" time="79.963" errors="2" timestamp="2025-07-16T13:43:49 IST" skipped="0">
  <testcase classname="com.TestNg.TestNGRunner" name="runScenario" time="38.477"/>
  <testcase classname="com.TestNg.TestNGRunner" name="runScenario" time="30.727">
    <error message="Index 0 out of bounds for length 0" type="java.lang.IndexOutOfBoundsException">
      <![CDATA[java.lang.IndexOutOfBoundsException: Index 0 out of bounds for length 0
at java.base/jdk.internal.util.Preconditions.outOfBounds(Preconditions.java:100)
at java.base/jdk.internal.util.Preconditions.outOfBoundsCheckIndex(Preconditions.java:106)
at java.base/jdk.internal.util.Preconditions.checkIndex(Preconditions.java:302)
at java.base/java.util.Objects.checkIndex(Objects.java:385)
at java.base/java.util.ArrayList.get(ArrayList.java:427)
at java.base/jdk.internal.reflect.DirectMethodHandleAccessor.invoke(DirectMethodHandleAccessor.java:103)
at java.base/java.lang.reflect.Method.invoke(Method.java:580)
at org.openqa.selenium.support.pagefactory.internal.LocatingElementListHandler.invoke(LocatingElementListHandler.java:39)
at jdk.proxy2/jdk.proxy2.$Proxy23.get(Unknown Source)
at com.CTS.Pges.WebDevelopmentPage.printingTheDesiredResult(WebDevelopmentPage.java:90)
at com.Cognizant.cucumber.steps.StepDefinationFile.verifyIfableToRetrieveIfoOfFirstTwoCards(StepDefinationFile.java:52)
at ✽.I should retrieve details of the first two course cards(file:///C:/Users/2408293/git/Team_ChatureBhature_IdentifyCourses/IdentifyCourses.Coursera.org/src/test/resources/Feature/Coursera.feature:6)
]]>
    </error>
  </testcase> <!-- runScenario -->
  <testcase classname="com.TestNg.TestNGRunner" name="runScenario" time="10.759">
    <error message="element click intercepted: Element &lt;a data-click-key=&quot;front_page.front_page_story.click.seo_directory_link&quot; data-click-value=&quot;{&amp;quot;href&amp;quot;:&amp;quot;/business?utm_campaign=website&amp;amp;utm_content=corp-to-home-footer-for-enterprise&amp;amp;utm_medium=coursera&amp;amp;utm_source=enterprise&amp;quot;,&amp;quot;namespace&amp;quot;:{&amp;quot;action&amp;quot;:&amp;quot;click&amp;quot;,&amp;quot;app&amp;quot;:&amp;quot;front_page&amp;quot;,&amp;quot;component&amp;quot;:&amp;quot;seo_directory_link&amp;quot;,&amp;quot;page&amp;quot;:&amp;quot;front_page_story&amp;quot;},&amp;quot;schema_type&amp;quot;:&amp;quot;FRONTEND&amp;quot;}&quot; data-track=&quot;true&quot; data-track-app=&quot;front_page&quot; data-track-page=&quot;front_page_story&quot; data-track-action=&quot;click&quot; data-track-component=&quot;seo_directory_link&quot; data-track-href=&quot;/business?utm_campaign=website&amp;amp;utm_content=corp-to-home-footer-for-enterprise&amp;amp;utm_medium=coursera&amp;amp;utm_source=enterprise&quot; href=&quot;/business?utm_campaign=website&amp;amp;utm_content=corp-to-home-footer-for-enterprise&amp;amp;utm_medium=coursera&amp;amp;utm_source=enterprise&quot; to=&quot;/business?utm_campaign=website&amp;amp;utm_content=corp-to-home-footer-for-enterprise&amp;amp;utm_medium=coursera&amp;amp;utm_source=enterprise&quot; class=&quot;rc-SubFooterSection__content-column-link-text&quot;&gt;...&lt;/a&gt; is not clickable at point (93, 109). Other element would receive the click: &lt;div class=&quot;cds-9 css-1gryyec cds-10 cds-11 cds-grid-item cds-18&quot;&gt;...&lt;/div&gt;
  (Session info: chrome=137.0.7151.69)
Build info: version: &#039;4.34.0&#039;, revision: &#039;707dcb4246*&#039;
System info: os.name: &#039;Windows 11&#039;, os.arch: &#039;amd64&#039;, os.version: &#039;10.0&#039;, java.version: &#039;21&#039;
Driver info: org.openqa.selenium.chrome.ChromeDriver
Command: [1f9853f57d42a3fa23a1ff76a9e08f11, clickElement {id=f.3C9F9E11ADDABA091B4BDC2B12D068FE.d.FE0F70D51AAC4F061EA1EB064290F13F.e.35}]
Capabilities {acceptInsecureCerts: false, browserName: chrome, browserVersion: 137.0.7151.69, chrome: {chromedriverVersion: 137.0.7151.119 (e0ac9d12dff..., userDataDir: C:\Users\2408293\AppData\Lo...}, fedcm:accounts: true, goog:chromeOptions: {debuggerAddress: localhost:52264}, networkConnectionEnabled: false, pageLoadStrategy: normal, platformName: windows, proxy: Proxy(), se:cdp: ws://localhost:52264/devtoo..., se:cdpVersion: 137.0.7151.69, setWindowRect: true, strictFileInteractability: false, timeouts: {implicit: 0, pageLoad: 300000, script: 30000}, unhandledPromptBehavior: dismiss and notify, webauthn:extension:credBlob: true, webauthn:extension:largeBlob: true, webauthn:extension:minPinLength: true, webauthn:extension:prf: true, webauthn:virtualAuthenticators: true}
Element: [[ChromeDriver: chrome on windows (1f9853f57d42a3fa23a1ff76a9e08f11)] -&gt; xpath: //a[contains(text(),&#039;For Enterprise&#039;)]]
Session ID: 1f9853f57d42a3fa23a1ff76a9e08f11" type="org.openqa.selenium.ElementClickInterceptedException">
      <![CDATA[org.openqa.selenium.ElementClickInterceptedException: element click intercepted: Element <a data-click-key="front_page.front_page_story.click.seo_directory_link" data-click-value="{&quot;href&quot;:&quot;/business?utm_campaign=website&amp;utm_content=corp-to-home-footer-for-enterprise&amp;utm_medium=coursera&amp;utm_source=enterprise&quot;,&quot;namespace&quot;:{&quot;action&quot;:&quot;click&quot;,&quot;app&quot;:&quot;front_page&quot;,&quot;component&quot;:&quot;seo_directory_link&quot;,&quot;page&quot;:&quot;front_page_story&quot;},&quot;schema_type&quot;:&quot;FRONTEND&quot;}" data-track="true" data-track-app="front_page" data-track-page="front_page_story" data-track-action="click" data-track-component="seo_directory_link" data-track-href="/business?utm_campaign=website&amp;utm_content=corp-to-home-footer-for-enterprise&amp;utm_medium=coursera&amp;utm_source=enterprise" href="/business?utm_campaign=website&amp;utm_content=corp-to-home-footer-for-enterprise&amp;utm_medium=coursera&amp;utm_source=enterprise" to="/business?utm_campaign=website&amp;utm_content=corp-to-home-footer-for-enterprise&amp;utm_medium=coursera&amp;utm_source=enterprise" class="rc-SubFooterSection__content-column-link-text">...</a> is not clickable at point (93, 109). Other element would receive the click: <div class="cds-9 css-1gryyec cds-10 cds-11 cds-grid-item cds-18">...</div>
  (Session info: chrome=137.0.7151.69)
Build info: version: '4.34.0', revision: '707dcb4246*'
System info: os.name: 'Windows 11', os.arch: 'amd64', os.version: '10.0', java.version: '21'
Driver info: org.openqa.selenium.chrome.ChromeDriver
Command: [1f9853f57d42a3fa23a1ff76a9e08f11, clickElement {id=f.3C9F9E11ADDABA091B4BDC2B12D068FE.d.FE0F70D51AAC4F061EA1EB064290F13F.e.35}]
Capabilities {acceptInsecureCerts: false, browserName: chrome, browserVersion: 137.0.7151.69, chrome: {chromedriverVersion: 137.0.7151.119 (e0ac9d12dff..., userDataDir: C:\Users\2408293\AppData\Lo...}, fedcm:accounts: true, goog:chromeOptions: {debuggerAddress: localhost:52264}, networkConnectionEnabled: false, pageLoadStrategy: normal, platformName: windows, proxy: Proxy(), se:cdp: ws://localhost:52264/devtoo..., se:cdpVersion: 137.0.7151.69, setWindowRect: true, strictFileInteractability: false, timeouts: {implicit: 0, pageLoad: 300000, script: 30000}, unhandledPromptBehavior: dismiss and notify, webauthn:extension:credBlob: true, webauthn:extension:largeBlob: true, webauthn:extension:minPinLength: true, webauthn:extension:prf: true, webauthn:virtualAuthenticators: true}
Element: [[ChromeDriver: chrome on windows (1f9853f57d42a3fa23a1ff76a9e08f11)] -> xpath: //a[contains(text(),'For Enterprise')]]
Session ID: 1f9853f57d42a3fa23a1ff76a9e08f11
at java.base/jdk.internal.reflect.DirectConstructorHandleAccessor.newInstance(DirectConstructorHandleAccessor.java:62)
at java.base/java.lang.reflect.Constructor.newInstanceWithCaller(Constructor.java:502)
at java.base/java.lang.reflect.Constructor.newInstance(Constructor.java:486)
at org.openqa.selenium.remote.ErrorCodec.decode(ErrorCodec.java:167)
at org.openqa.selenium.remote.codec.w3c.W3CHttpResponseCodec.decode(W3CHttpResponseCodec.java:138)
at org.openqa.selenium.remote.codec.w3c.W3CHttpResponseCodec.decode(W3CHttpResponseCodec.java:50)
at org.openqa.selenium.remote.HttpCommandExecutor.execute(HttpCommandExecutor.java:215)
at org.openqa.selenium.remote.service.DriverCommandExecutor.invokeExecute(DriverCommandExecutor.java:216)
at org.openqa.selenium.remote.service.DriverCommandExecutor.execute(DriverCommandExecutor.java:174)
at org.openqa.selenium.remote.RemoteWebDriver.execute(RemoteWebDriver.java:544)
at org.openqa.selenium.remote.RemoteWebElement.execute(RemoteWebElement.java:223)
at org.openqa.selenium.remote.RemoteWebElement.click(RemoteWebElement.java:76)
at java.base/jdk.internal.reflect.DirectMethodHandleAccessor.invoke(DirectMethodHandleAccessor.java:103)
at java.base/java.lang.reflect.Method.invoke(Method.java:580)
at org.openqa.selenium.support.pagefactory.internal.LocatingElementHandler.invoke(LocatingElementHandler.java:51)
at jdk.proxy2/jdk.proxy2.$Proxy22.click(Unknown Source)
at com.CTS.Pges.EnterprisePage.scrollAndClickForEnterprise(EnterprisePage.java:78)
at com.Cognizant.cucumber.steps.StepDefinationFile.I_am_on_the_Cousera_org_page_and_I_navigate_to_For_Enterprise_Page(StepDefinationFile.java:71)
at ✽.I am on the Cousera.org page and I navigate to For Enterprise Page(file:///C:/Users/2408293/git/Team_ChatureBhature_IdentifyCourses/IdentifyCourses.Coursera.org/src/test/resources/Feature/Coursera.feature:14)
]]>
    </error>
  </testcase> <!-- runScenario -->
</testsuite> <!-- com.TestNg.TestNGRunner -->
