<?xml version="1.0" encoding="UTF-8"?>
<!-- Generated by org.testng.reporters.JUnitReportReporter -->
<testsuite hostname="LTIN526565" failures="0" tests="3" name="com.TestNg.TestNGRunner" time="166.081" errors="0" timestamp="2025-07-16T18:22:24 IST" skipped="0">
  <testcase classname="com.TestNg.TestNGRunner" name="runScenario" time="46.326"/>
  <testcase classname="com.TestNg.TestNGRunner" name="runScenario" time="92.716"/>
  <testcase classname="com.TestNg.TestNGRunner" name="runScenario" time="27.039"/>
</testsuite> <!-- com.TestNg.TestNGRunner -->
