<?xml version="1.0" encoding="UTF-8"?>
<!-- Generated by org.testng.reporters.JUnitReportReporter -->
<testsuite hostname="LTIN526565" failures="0" tests="3" name="com.CTS.TestNg.TestNGRunner" time="155.992" errors="0" timestamp="2025-07-17T14:18:23 IST" skipped="0">
  <testcase classname="com.CTS.TestNg.TestNGRunner" name="runScenario" time="41.050"/>
  <testcase classname="com.CTS.TestNg.TestNGRunner" name="runScenario" time="70.043"/>
  <testcase classname="com.CTS.TestNg.TestNGRunner" name="runScenario" time="44.899"/>
</testsuite> <!-- com.CTS.TestNg.TestNGRunner -->
