<?xml version="1.0" encoding="UTF-8"?>
<!-- Generated by org.testng.reporters.JUnitReportReporter -->
<testsuite hostname="LTIN474385" failures="0" tests="3" name="com.TestNg.TestNGRunner" time="87.467" errors="0" timestamp="2025-07-16T16:36:03 IST" skipped="0">
  <testcase classname="com.TestNg.TestNGRunner" name="runScenario" time="25.307"/>
  <testcase classname="com.TestNg.TestNGRunner" name="runScenario" time="33.202"/>
  <testcase classname="com.TestNg.TestNGRunner" name="runScenario" time="28.958"/>
</testsuite> <!-- com.TestNg.TestNGRunner -->
