<?xml version="1.0" encoding="UTF-8"?>
<!-- Generated by org.testng.reporters.JUnitReportReporter -->
<testsuite hostname="LTIN474385" failures="0" tests="3" name="com.TestNg.TestNGRunner" time="113.372" errors="0" timestamp="2025-07-17T10:59:17 IST" skipped="0">
  <testcase classname="com.TestNg.TestNGRunner" name="runScenario" time="31.488"/>
  <testcase classname="com.TestNg.TestNGRunner" name="runScenario" time="28.001"/>
  <testcase classname="com.TestNg.TestNGRunner" name="runScenario" time="53.883"/>
</testsuite> <!-- com.TestNg.TestNGRunner -->
